<?xml version="1.0" encoding="UTF-8"?>
<!-- Generated by org.testng.reporters.JUnitReportReporter -->
<testsuite hostname="DESKTOP-7772FB0" failures="0" tests="1" name="com.testNG.Multipleword" time="157.730" errors="0" timestamp="2022-10-01T11:11:26 IST" skipped="0">
  <testcase classname="com.testNG.Multipleword" name="setUp" time="157.730"/>
  <system-out/>
</testsuite> <!-- com.testNG.Multipleword -->
